Using pre-set license
Built from '2021.3/staging' branch; Version is '2021.3.24f1 (cf10dcf7010d) revision 13570268'; Using compiler version '192829333'; Build Type 'Release'
OS: 'Windows 10  (10.0.19045) 64bit Core' Language: 'en' Physical Memory: 16241 MB
BatchMode: 1, IsHumanControllingUs: 0, StartBugReporterOnCrash: 0, Is64bit: 1, IsPro: 1

COMMAND LINE ARGUMENTS:
C:\Program Files\Unity\Hub\Editor\2021.3.24f1\Editor\Unity.exe
-adb2
-batchMode
-noUpm
-name
AssetImportWorker1
-projectPath
F:/Fork/GMDEVAI/SY22T3_GMDEVAI_Alcantara/GMDEVAI_Miletsone4_Alcantara
-logFile
Logs/AssetImportWorker1.log
-srvPort
61397
Successfully changed project path to: F:/Fork/GMDEVAI/SY22T3_GMDEVAI_Alcantara/GMDEVAI_Miletsone4_Alcantara
F:/Fork/GMDEVAI/SY22T3_GMDEVAI_Alcantara/GMDEVAI_Miletsone4_Alcantara
[UnityMemory] Configuration Parameters - Can be set up in boot.config
    "memorysetup-bucket-allocator-granularity=16"
    "memorysetup-bucket-allocator-bucket-count=8"
    "memorysetup-bucket-allocator-block-size=33554432"
    "memorysetup-bucket-allocator-block-count=8"
    "memorysetup-main-allocator-block-size=16777216"
    "memorysetup-thread-allocator-block-size=16777216"
    "memorysetup-gfx-main-allocator-block-size=16777216"
    "memorysetup-gfx-thread-allocator-block-size=16777216"
    "memorysetup-cache-allocator-block-size=4194304"
    "memorysetup-typetree-allocator-block-size=2097152"
    "memorysetup-profiler-bucket-allocator-granularity=16"
    "memorysetup-profiler-bucket-allocator-bucket-count=8"
    "memorysetup-profiler-bucket-allocator-block-size=33554432"
    "memorysetup-profiler-bucket-allocator-block-count=8"
    "memorysetup-profiler-allocator-block-size=16777216"
    "memorysetup-profiler-editor-allocator-block-size=1048576"
    "memorysetup-temp-allocator-size-main=16777216"
    "memorysetup-job-temp-allocator-block-size=2097152"
    "memorysetup-job-temp-allocator-block-size-background=1048576"
    "memorysetup-job-temp-allocator-reduction-small-platforms=262144"
    "memorysetup-temp-allocator-size-background-worker=32768"
    "memorysetup-temp-allocator-size-job-worker=262144"
    "memorysetup-temp-allocator-size-preload-manager=33554432"
    "memorysetup-temp-allocator-size-nav-mesh-worker=65536"
    "memorysetup-temp-allocator-size-audio-worker=65536"
    "memorysetup-temp-allocator-size-cloud-worker=32768"
    "memorysetup-temp-allocator-size-gi-baking-worker=262144"
    "memorysetup-temp-allocator-size-gfx=262144"
Player connection [17980] Host "[IP] 192.168.100.3 [Port] 0 [Flags] 2 [Guid] 3164108683 [EditorId] 3164108683 [Version] 1048832 [Id] WindowsEditor(7,DESKTOP-5LFNVST) [Debug] 1 [PackageName] WindowsEditor [ProjectName] Editor" joined multi-casting on [225.0.0.222:54997]...

Player connection [17980] Host "[IP] 192.168.100.3 [Port] 0 [Flags] 2 [Guid] 3164108683 [EditorId] 3164108683 [Version] 1048832 [Id] WindowsEditor(7,DESKTOP-5LFNVST) [Debug] 1 [PackageName] WindowsEditor [ProjectName] Editor" joined alternative multi-casting on [225.0.0.222:34997]...

Refreshing native plugins compatible for Editor in 81.83 ms, found 3 plugins.
Preloading 0 native plugins for Editor in 0.00 ms.
Initialize engine version: 2021.3.24f1 (cf10dcf7010d)
[Subsystems] Discovering subsystems at path C:/Program Files/Unity/Hub/Editor/2021.3.24f1/Editor/Data/Resources/UnitySubsystems
[Subsystems] Discovering subsystems at path F:/Fork/GMDEVAI/SY22T3_GMDEVAI_Alcantara/GMDEVAI_Miletsone4_Alcantara/Assets
GfxDevice: creating device client; threaded=0; jobified=0
Direct3D:
    Version:  Direct3D 11.0 [level 11.1]
    Renderer: NVIDIA GeForce GTX 1070 (ID=0x1b81)
    Vendor:   NVIDIA
    VRAM:     8081 MB
    Driver:   31.0.15.3179
Initialize mono
Mono path[0] = 'C:/Program Files/Unity/Hub/Editor/2021.3.24f1/Editor/Data/Managed'
Mono path[1] = 'C:/Program Files/Unity/Hub/Editor/2021.3.24f1/Editor/Data/MonoBleedingEdge/lib/mono/unityjit-win32'
Mono config path = 'C:/Program Files/Unity/Hub/Editor/2021.3.24f1/Editor/Data/MonoBleedingEdge/etc'
Using monoOptions --debugger-agent=transport=dt_socket,embedding=1,server=y,suspend=n,address=127.0.0.1:56060
Begin MonoManager ReloadAssembly
Registering precompiled unity dll's ...
Register platform support module: C:/Program Files/Unity/Hub/Editor/2021.3.24f1/Editor/Data/PlaybackEngines/AndroidPlayer/UnityEditor.Android.Extensions.dll
Register platform support module: C:/Program Files/Unity/Hub/Editor/2021.3.24f1/Editor/Data/PlaybackEngines/WindowsStandaloneSupport/UnityEditor.WindowsStandalone.Extensions.dll
Registered in 0.010193 seconds.
Native extension for WindowsStandalone target not found
Native extension for Android target not found
Android Extension - Scanning For ADB Devices 242 ms
Refreshing native plugins compatible for Editor in 80.36 ms, found 3 plugins.
Preloading 0 native plugins for Editor in 0.00 ms.
Mono: successfully reloaded assembly
- Completed reload, in  0.937 seconds
Domain Reload Profiling:
	ReloadAssembly (937ms)
		BeginReloadAssembly (66ms)
			ExecutionOrderSort (0ms)
			DisableScriptedObjects (0ms)
			BackupInstance (0ms)
			ReleaseScriptingObjects (0ms)
			CreateAndSetChildDomain (0ms)
		EndReloadAssembly (755ms)
			LoadAssemblies (65ms)
			RebuildTransferFunctionScriptingTraits (0ms)
			SetupTypeCache (115ms)
			ReleaseScriptCaches (0ms)
			RebuildScriptCaches (30ms)
			SetupLoadedEditorAssemblies (552ms)
				LogAssemblyErrors (0ms)
				InitializePlatformSupportModulesInManaged (318ms)
				SetLoadedEditorAssemblies (0ms)
				RefreshPlugins (80ms)
				BeforeProcessingInitializeOnLoad (2ms)
				ProcessInitializeOnLoadAttributes (103ms)
				ProcessInitializeOnLoadMethodAttributes (49ms)
				AfterProcessingInitializeOnLoad (0ms)
				EditorAssembliesLoaded (0ms)
			ExecutionOrderSort2 (0ms)
			AwakeInstancesAfterBackupRestoration (0ms)
Platform modules already initialized, skipping
Registering precompiled user dll's ...
Registered in 0.005049 seconds.
Begin MonoManager ReloadAssembly
Symbol file LoadedFromMemory doesn't match image F:\Fork\GMDEVAI\SY22T3_GMDEVAI_Alcantara\GMDEVAI_Miletsone4_Alcantara\Library\PackageCache\com.unity.visualscripting@1.8.0\Editor\VisualScripting.Core\Dependencies\YamlDotNet\Unity.VisualScripting.YamlDotNet.dll
Symbol file LoadedFromMemory doesn't match image F:\Fork\GMDEVAI\SY22T3_GMDEVAI_Alcantara\GMDEVAI_Miletsone4_Alcantara\Library\PackageCache\com.unity.visualscripting@1.8.0\Editor\VisualScripting.Core\Dependencies\DotNetZip\Unity.VisualScripting.IonicZip.dll
Native extension for WindowsStandalone target not found
Native extension for Android target not found
Refreshing native plugins compatible for Editor in 0.45 ms, found 3 plugins.
Preloading 0 native plugins for Editor in 0.00 ms.
Mono: successfully reloaded assembly
- Completed reload, in  1.109 seconds
Domain Reload Profiling:
	ReloadAssembly (1110ms)
		BeginReloadAssembly (117ms)
			ExecutionOrderSort (0ms)
			DisableScriptedObjects (7ms)
			BackupInstance (0ms)
			ReleaseScriptingObjects (0ms)
			CreateAndSetChildDomain (19ms)
		EndReloadAssembly (868ms)
			LoadAssemblies (87ms)
			RebuildTransferFunctionScriptingTraits (0ms)
			SetupTypeCache (284ms)
			ReleaseScriptCaches (0ms)
			RebuildScriptCaches (63ms)
			SetupLoadedEditorAssemblies (379ms)
				LogAssemblyErrors (0ms)
				InitializePlatformSupportModulesInManaged (20ms)
				SetLoadedEditorAssemblies (0ms)
				RefreshPlugins (1ms)
				BeforeProcessingInitializeOnLoad (86ms)
				ProcessInitializeOnLoadAttributes (241ms)
				ProcessInitializeOnLoadMethodAttributes (21ms)
				AfterProcessingInitializeOnLoad (9ms)
				EditorAssembliesLoaded (0ms)
			ExecutionOrderSort2 (0ms)
			AwakeInstancesAfterBackupRestoration (6ms)
Platform modules already initialized, skipping
========================================================================
Worker process is ready to serve import requests
Launched and connected shader compiler UnityShaderCompiler.exe after 0.04 seconds
Refreshing native plugins compatible for Editor in 0.36 ms, found 3 plugins.
Preloading 0 native plugins for Editor in 0.00 ms.
Unloading 3062 Unused Serialized files (Serialized files now loaded: 0)
Unloading 31 unused Assets / (314.5 KB). Loaded Objects now: 3517.
Memory consumption went from 110.1 MB to 109.8 MB.
Total: 2.080900 ms (FindLiveObjects: 0.159500 ms CreateObjectMapping: 0.066800 ms MarkObjects: 1.709800 ms  DeleteObjects: 0.143800 ms)

AssetImportParameters requested are different than current active one (requested -> active):
  custom:video-decoder-ogg-theora: a1e56fd34408186e4bbccfd4996cb3dc -> 
  custom:container-muxer-webm: aa71ff27fc2769a1b78a27578f13a17b -> 
  custom:container-demuxer-webm: 4f35f7cbe854078d1ac9338744f61a02 -> 
  custom:video-encoder-webm-vp8: eb34c28f22e8b96e1ab97ce403110664 -> 
  custom:audio-encoder-webm-vorbis: bf7c407c2cedff20999df2af8eb42d56 -> 
  custom:framework-win-MediaFoundation: 216162199b28c13a410421893ffa2e32 -> 
  custom:container-demuxer-ogg: 62fdf1f143b41e24485cea50d1cbac27 -> 
  custom:video-decoder-webm-vp8: 9c59270c3fd7afecdb556c50c9e8de78 -> 
  custom:audio-decoder-ogg-vorbis: bf7c407c2cedff20999df2af8eb42d56 -> 
========================================================================
Received Import Request.
  Time since last request: 6350.224845 seconds.
  path: Assets/station.unity
  artifactKey: Guid(4c1afca1818c548d785d4dc3ec762ac7) Importer(815301076,1909f56bfc062723c751e8b465ee728b)
Start importing Assets/station.unity using Guid(4c1afca1818c548d785d4dc3ec762ac7) Importer(815301076,1909f56bfc062723c751e8b465ee728b)  -> (artifact id: '759fabebeb510e448fe8607565154a65') in 0.014056 seconds 
========================================================================
Received Prepare
Registering precompiled user dll's ...
Registered in 0.005174 seconds.
Begin MonoManager ReloadAssembly
Symbol file LoadedFromMemory doesn't match image F:\Fork\GMDEVAI\SY22T3_GMDEVAI_Alcantara\GMDEVAI_Miletsone4_Alcantara\Library\PackageCache\com.unity.visualscripting@1.8.0\Editor\VisualScripting.Core\Dependencies\YamlDotNet\Unity.VisualScripting.YamlDotNet.dll
Symbol file LoadedFromMemory doesn't match image F:\Fork\GMDEVAI\SY22T3_GMDEVAI_Alcantara\GMDEVAI_Miletsone4_Alcantara\Library\PackageCache\com.unity.visualscripting@1.8.0\Editor\VisualScripting.Core\Dependencies\DotNetZip\Unity.VisualScripting.IonicZip.dll
Native extension for WindowsStandalone target not found
Native extension for Android target not found
Refreshing native plugins compatible for Editor in 0.72 ms, found 3 plugins.
Preloading 0 native plugins for Editor in 0.00 ms.
Mono: successfully reloaded assembly
- Completed reload, in  1.202 seconds
Domain Reload Profiling:
	ReloadAssembly (1203ms)
		BeginReloadAssembly (177ms)
			ExecutionOrderSort (0ms)
			DisableScriptedObjects (7ms)
			BackupInstance (0ms)
			ReleaseScriptingObjects (0ms)
			CreateAndSetChildDomain (38ms)
		EndReloadAssembly (903ms)
			LoadAssemblies (129ms)
			RebuildTransferFunctionScriptingTraits (0ms)
			SetupTypeCache (313ms)
			ReleaseScriptCaches (1ms)
			RebuildScriptCaches (49ms)
			SetupLoadedEditorAssemblies (374ms)
				LogAssemblyErrors (0ms)
				InitializePlatformSupportModulesInManaged (25ms)
				SetLoadedEditorAssemblies (1ms)
				RefreshPlugins (1ms)
				BeforeProcessingInitializeOnLoad (77ms)
				ProcessInitializeOnLoadAttributes (235ms)
				ProcessInitializeOnLoadMethodAttributes (24ms)
				AfterProcessingInitializeOnLoad (11ms)
				EditorAssembliesLoaded (0ms)
			ExecutionOrderSort2 (0ms)
			AwakeInstancesAfterBackupRestoration (8ms)
Platform modules already initialized, skipping
Refreshing native plugins compatible for Editor in 2.20 ms, found 3 plugins.
Preloading 0 native plugins for Editor in 0.00 ms.
Unloading 3049 Unused Serialized files (Serialized files now loaded: 0)
Unloading 24 unused Assets / (280.6 KB). Loaded Objects now: 3520.
Memory consumption went from 109.2 MB to 108.9 MB.
Total: 3.743000 ms (FindLiveObjects: 0.472100 ms CreateObjectMapping: 0.127400 ms MarkObjects: 2.850600 ms  DeleteObjects: 0.291000 ms)

AssetImportParameters requested are different than current active one (requested -> active):
  custom:video-decoder-ogg-theora: a1e56fd34408186e4bbccfd4996cb3dc -> 
  custom:container-muxer-webm: aa71ff27fc2769a1b78a27578f13a17b -> 
  custom:container-demuxer-webm: 4f35f7cbe854078d1ac9338744f61a02 -> 
  custom:video-encoder-webm-vp8: eb34c28f22e8b96e1ab97ce403110664 -> 
  custom:audio-encoder-webm-vorbis: bf7c407c2cedff20999df2af8eb42d56 -> 
  custom:framework-win-MediaFoundation: 216162199b28c13a410421893ffa2e32 -> 
  custom:container-demuxer-ogg: 62fdf1f143b41e24485cea50d1cbac27 -> 
  custom:video-decoder-webm-vp8: 9c59270c3fd7afecdb556c50c9e8de78 -> 
  custom:audio-decoder-ogg-vorbis: bf7c407c2cedff20999df2af8eb42d56 -> 
========================================================================
Received Import Request.
  Time since last request: 506.590116 seconds.
  path: Assets/Materials/alphaTest_Sheet.mat
  artifactKey: Guid(5a51d6b040fbf4f16b1657e9a208596d) Importer(815301076,1909f56bfc062723c751e8b465ee728b)
Start importing Assets/Materials/alphaTest_Sheet.mat using Guid(5a51d6b040fbf4f16b1657e9a208596d) Importer(815301076,1909f56bfc062723c751e8b465ee728b)  -> (artifact id: '21b49483bf62614dea24f1df1d0bb7d7') in 0.369351 seconds 
========================================================================
Received Import Request.
  Time since last request: 0.000022 seconds.
  path: Assets/Materials/lightCardOrange_A.mat
  artifactKey: Guid(1b4a5c6520a2a49f7949b7cb6b94dd76) Importer(815301076,1909f56bfc062723c751e8b465ee728b)
Start importing Assets/Materials/lightCardOrange_A.mat using Guid(1b4a5c6520a2a49f7949b7cb6b94dd76) Importer(815301076,1909f56bfc062723c751e8b465ee728b)  -> (artifact id: '89ab247e378c48b2f4ed700d28cd9bc1') in 0.080066 seconds 
========================================================================
Received Import Request.
  Time since last request: 0.000030 seconds.
  path: Assets/Materials/RobotArm.mat
  artifactKey: Guid(665541891f245457887299124e2924e4) Importer(815301076,1909f56bfc062723c751e8b465ee728b)
Start importing Assets/Materials/RobotArm.mat using Guid(665541891f245457887299124e2924e4) Importer(815301076,1909f56bfc062723c751e8b465ee728b)  -> (artifact id: 'e1ba32c0dc522d97c09e8a1fea54bbc8') in 0.026122 seconds 
========================================================================
Received Import Request.
  Time since last request: 0.000021 seconds.
  path: Assets/Materials/CliffRock.mat
  artifactKey: Guid(296911c381a174d01bff048aaf0dd1a7) Importer(815301076,1909f56bfc062723c751e8b465ee728b)
Start importing Assets/Materials/CliffRock.mat using Guid(296911c381a174d01bff048aaf0dd1a7) Importer(815301076,1909f56bfc062723c751e8b465ee728b)  -> (artifact id: '609f51266fd730c2603f2c0da5284c76') in 0.019148 seconds 
========================================================================
Received Import Request.
  Time since last request: 0.000018 seconds.
  path: Assets/Materials/Kiosks.mat
  artifactKey: Guid(b7811559972604a6ead7dbd1d7fe8df2) Importer(815301076,1909f56bfc062723c751e8b465ee728b)
Start importing Assets/Materials/Kiosks.mat using Guid(b7811559972604a6ead7dbd1d7fe8df2) Importer(815301076,1909f56bfc062723c751e8b465ee728b)  -> (artifact id: 'e931e6982b62b02b660ca56f55c1d233') in 0.017480 seconds 
========================================================================
Received Import Request.
  Time since last request: 0.000030 seconds.
  path: Assets/Materials/WallPanel_F.mat
  artifactKey: Guid(e713c0e4e7d7247ff9ba704b171d6b54) Importer(815301076,1909f56bfc062723c751e8b465ee728b)
Start importing Assets/Materials/WallPanel_F.mat using Guid(e713c0e4e7d7247ff9ba704b171d6b54) Importer(815301076,1909f56bfc062723c751e8b465ee728b)  -> (artifact id: 'f2f71106d7d5d71a381888efee640abf') in 0.016511 seconds 
========================================================================
Received Import Request.
  Time since last request: 0.000033 seconds.
  path: Assets/Materials/roof.mat
  artifactKey: Guid(efa04192bd5fa4f04885ab4a28ccf96b) Importer(815301076,1909f56bfc062723c751e8b465ee728b)
Start importing Assets/Materials/roof.mat using Guid(efa04192bd5fa4f04885ab4a28ccf96b) Importer(815301076,1909f56bfc062723c751e8b465ee728b)  -> (artifact id: '7f22d8d2ef1459230458ad642e8ad120') in 0.016105 seconds 
========================================================================
Received Import Request.
  Time since last request: 0.000015 seconds.
  path: Assets/Materials/lightCardWhite.mat
  artifactKey: Guid(67201e0fe487b481db4b676efa17510e) Importer(815301076,1909f56bfc062723c751e8b465ee728b)
Start importing Assets/Materials/lightCardWhite.mat using Guid(67201e0fe487b481db4b676efa17510e) Importer(815301076,1909f56bfc062723c751e8b465ee728b)  -> (artifact id: '4c0630c71593ff32ba7d4cab8b1fb640') in 0.087396 seconds 
========================================================================
Received Import Request.
  Time since last request: 0.000021 seconds.
  path: Assets/Materials/lightPinPoint.mat
  artifactKey: Guid(a045b532e06f344a288c62dd26adb72c) Importer(815301076,1909f56bfc062723c751e8b465ee728b)
Start importing Assets/Materials/lightPinPoint.mat using Guid(a045b532e06f344a288c62dd26adb72c) Importer(815301076,1909f56bfc062723c751e8b465ee728b)  -> (artifact id: '752105c19f38404ef931f21ecbef5160') in 0.014641 seconds 
========================================================================
Received Import Request.
  Time since last request: 0.000021 seconds.
  path: Assets/Materials/robot_Arm_Diffuse.mat
  artifactKey: Guid(2b9de37bf5edb4c34a327820055d3a53) Importer(815301076,1909f56bfc062723c751e8b465ee728b)
Start importing Assets/Materials/robot_Arm_Diffuse.mat using Guid(2b9de37bf5edb4c34a327820055d3a53) Importer(815301076,1909f56bfc062723c751e8b465ee728b)  -> (artifact id: '05acadc0d62fa47433f28d49021703a4') in 0.016961 seconds 
========================================================================
Received Import Request.
  Time since last request: 0.000029 seconds.
  path: Assets/Materials/EnvironmentFloorTiles_A.mat
  artifactKey: Guid(27ef90a15e7d244b384d3fb3a3e94097) Importer(815301076,1909f56bfc062723c751e8b465ee728b)
Start importing Assets/Materials/EnvironmentFloorTiles_A.mat using Guid(27ef90a15e7d244b384d3fb3a3e94097) Importer(815301076,1909f56bfc062723c751e8b465ee728b)  -> (artifact id: 'dad7b39fa5ee5e255be96e14aee0e17e') in 0.025782 seconds 
========================================================================
Received Import Request.
  Time since last request: 0.000019 seconds.
  path: Assets/Materials/logoHologram.mat
  artifactKey: Guid(6650b09c16e594007bfed146f9c555e9) Importer(815301076,1909f56bfc062723c751e8b465ee728b)
Start importing Assets/Materials/logoHologram.mat using Guid(6650b09c16e594007bfed146f9c555e9) Importer(815301076,1909f56bfc062723c751e8b465ee728b)  -> (artifact id: 'fd26cd097db4be1cc176e550f50c483a') in 0.016969 seconds 
========================================================================
Received Prepare
Registering precompiled user dll's ...
Registered in 0.008212 seconds.
Begin MonoManager ReloadAssembly
Symbol file LoadedFromMemory doesn't match image F:\Fork\GMDEVAI\SY22T3_GMDEVAI_Alcantara\GMDEVAI_Miletsone4_Alcantara\Library\PackageCache\com.unity.visualscripting@1.8.0\Editor\VisualScripting.Core\Dependencies\YamlDotNet\Unity.VisualScripting.YamlDotNet.dll
Symbol file LoadedFromMemory doesn't match image F:\Fork\GMDEVAI\SY22T3_GMDEVAI_Alcantara\GMDEVAI_Miletsone4_Alcantara\Library\PackageCache\com.unity.visualscripting@1.8.0\Editor\VisualScripting.Core\Dependencies\DotNetZip\Unity.VisualScripting.IonicZip.dll
Native extension for WindowsStandalone target not found
Native extension for Android target not found
Refreshing native plugins compatible for Editor in 0.54 ms, found 3 plugins.
Preloading 0 native plugins for Editor in 0.00 ms.
Mono: successfully reloaded assembly
- Completed reload, in  1.125 seconds
Domain Reload Profiling:
	ReloadAssembly (1126ms)
		BeginReloadAssembly (179ms)
			ExecutionOrderSort (0ms)
			DisableScriptedObjects (6ms)
			BackupInstance (0ms)
			ReleaseScriptingObjects (0ms)
			CreateAndSetChildDomain (45ms)
		EndReloadAssembly (827ms)
			LoadAssemblies (118ms)
			RebuildTransferFunctionScriptingTraits (0ms)
			SetupTypeCache (286ms)
			ReleaseScriptCaches (1ms)
			RebuildScriptCaches (47ms)
			SetupLoadedEditorAssemblies (346ms)
				LogAssemblyErrors (0ms)
				InitializePlatformSupportModulesInManaged (22ms)
				SetLoadedEditorAssemblies (0ms)
				RefreshPlugins (1ms)
				BeforeProcessingInitializeOnLoad (70ms)
				ProcessInitializeOnLoadAttributes (218ms)
				ProcessInitializeOnLoadMethodAttributes (23ms)
				AfterProcessingInitializeOnLoad (12ms)
				EditorAssembliesLoaded (0ms)
			ExecutionOrderSort2 (0ms)
			AwakeInstancesAfterBackupRestoration (7ms)
Platform modules already initialized, skipping
Refreshing native plugins compatible for Editor in 1.98 ms, found 3 plugins.
Preloading 0 native plugins for Editor in 0.00 ms.
Unloading 3050 Unused Serialized files (Serialized files now loaded: 0)
Unloading 24 unused Assets / (280.8 KB). Loaded Objects now: 3567.
Memory consumption went from 114.2 MB to 114.0 MB.
Total: 3.645900 ms (FindLiveObjects: 0.410100 ms CreateObjectMapping: 0.124300 ms MarkObjects: 2.889100 ms  DeleteObjects: 0.220900 ms)

AssetImportParameters requested are different than current active one (requested -> active):
  custom:video-decoder-ogg-theora: a1e56fd34408186e4bbccfd4996cb3dc -> 
  custom:container-muxer-webm: aa71ff27fc2769a1b78a27578f13a17b -> 
  custom:container-demuxer-webm: 4f35f7cbe854078d1ac9338744f61a02 -> 
  custom:video-encoder-webm-vp8: eb34c28f22e8b96e1ab97ce403110664 -> 
  custom:audio-encoder-webm-vorbis: bf7c407c2cedff20999df2af8eb42d56 -> 
  custom:framework-win-MediaFoundation: 216162199b28c13a410421893ffa2e32 -> 
  custom:container-demuxer-ogg: 62fdf1f143b41e24485cea50d1cbac27 -> 
  custom:video-decoder-webm-vp8: 9c59270c3fd7afecdb556c50c9e8de78 -> 
  custom:audio-decoder-ogg-vorbis: bf7c407c2cedff20999df2af8eb42d56 -> 
Editor requested this worker to shutdown with reason: Scaling down because of idle timeout
AssetImportWorker is now disconnected from the server
Process exiting
Exiting without the bug reporter. Application will terminate with return code 0