Using pre-set license
Built from '2021.3/staging' branch; Version is '2021.3.24f1 (cf10dcf7010d) revision 13570268'; Using compiler version '192829333'; Build Type 'Release'
OS: 'Windows 10  (10.0.19045) 64bit Core' Language: 'en' Physical Memory: 16241 MB
BatchMode: 1, IsHumanControllingUs: 0, StartBugReporterOnCrash: 0, Is64bit: 1, IsPro: 1

COMMAND LINE ARGUMENTS:
C:\Program Files\Unity\Hub\Editor\2021.3.24f1\Editor\Unity.exe
-adb2
-batchMode
-noUpm
-name
AssetImportWorker0
-projectPath
F:/Fork/GMDEVAI/SY22T3_GMDEVAI_Alcantara/GMDEVAI_Miletsone4_Alcantara
-logFile
Logs/AssetImportWorker0.log
-srvPort
61397
Successfully changed project path to: F:/Fork/GMDEVAI/SY22T3_GMDEVAI_Alcantara/GMDEVAI_Miletsone4_Alcantara
F:/Fork/GMDEVAI/SY22T3_GMDEVAI_Alcantara/GMDEVAI_Miletsone4_Alcantara
[UnityMemory] Configuration Parameters - Can be set up in boot.config
    "memorysetup-bucket-allocator-granularity=16"
    "memorysetup-bucket-allocator-bucket-count=8"
    "memorysetup-bucket-allocator-block-size=33554432"
    "memorysetup-bucket-allocator-block-count=8"
    "memorysetup-main-allocator-block-size=16777216"
    "memorysetup-thread-allocator-block-size=16777216"
    "memorysetup-gfx-main-allocator-block-size=16777216"
    "memorysetup-gfx-thread-allocator-block-size=16777216"
    "memorysetup-cache-allocator-block-size=4194304"
    "memorysetup-typetree-allocator-block-size=2097152"
    "memorysetup-profiler-bucket-allocator-granularity=16"
    "memorysetup-profiler-bucket-allocator-bucket-count=8"
    "memorysetup-profiler-bucket-allocator-block-size=33554432"
    "memorysetup-profiler-bucket-allocator-block-count=8"
    "memorysetup-profiler-allocator-block-size=16777216"
    "memorysetup-profiler-editor-allocator-block-size=1048576"
    "memorysetup-temp-allocator-size-main=16777216"
    "memorysetup-job-temp-allocator-block-size=2097152"
    "memorysetup-job-temp-allocator-block-size-background=1048576"
    "memorysetup-job-temp-allocator-reduction-small-platforms=262144"
    "memorysetup-temp-allocator-size-background-worker=32768"
    "memorysetup-temp-allocator-size-job-worker=262144"
    "memorysetup-temp-allocator-size-preload-manager=33554432"
    "memorysetup-temp-allocator-size-nav-mesh-worker=65536"
    "memorysetup-temp-allocator-size-audio-worker=65536"
    "memorysetup-temp-allocator-size-cloud-worker=32768"
    "memorysetup-temp-allocator-size-gi-baking-worker=262144"
    "memorysetup-temp-allocator-size-gfx=262144"
Player connection [22008] Host "[IP] 192.168.100.3 [Port] 0 [Flags] 2 [Guid] 769078169 [EditorId] 769078169 [Version] 1048832 [Id] WindowsEditor(7,DESKTOP-5LFNVST) [Debug] 1 [PackageName] WindowsEditor [ProjectName] Editor" joined multi-casting on [225.0.0.222:54997]...

Player connection [22008] Host "[IP] 192.168.100.3 [Port] 0 [Flags] 2 [Guid] 769078169 [EditorId] 769078169 [Version] 1048832 [Id] WindowsEditor(7,DESKTOP-5LFNVST) [Debug] 1 [PackageName] WindowsEditor [ProjectName] Editor" joined alternative multi-casting on [225.0.0.222:34997]...

Refreshing native plugins compatible for Editor in 81.57 ms, found 3 plugins.
Preloading 0 native plugins for Editor in 0.00 ms.
Initialize engine version: 2021.3.24f1 (cf10dcf7010d)
[Subsystems] Discovering subsystems at path C:/Program Files/Unity/Hub/Editor/2021.3.24f1/Editor/Data/Resources/UnitySubsystems
[Subsystems] Discovering subsystems at path F:/Fork/GMDEVAI/SY22T3_GMDEVAI_Alcantara/GMDEVAI_Miletsone4_Alcantara/Assets
GfxDevice: creating device client; threaded=0; jobified=0
Direct3D:
    Version:  Direct3D 11.0 [level 11.1]
    Renderer: NVIDIA GeForce GTX 1070 (ID=0x1b81)
    Vendor:   NVIDIA
    VRAM:     8081 MB
    Driver:   31.0.15.3179
Initialize mono
Mono path[0] = 'C:/Program Files/Unity/Hub/Editor/2021.3.24f1/Editor/Data/Managed'
Mono path[1] = 'C:/Program Files/Unity/Hub/Editor/2021.3.24f1/Editor/Data/MonoBleedingEdge/lib/mono/unityjit-win32'
Mono config path = 'C:/Program Files/Unity/Hub/Editor/2021.3.24f1/Editor/Data/MonoBleedingEdge/etc'
Using monoOptions --debugger-agent=transport=dt_socket,embedding=1,server=y,suspend=n,address=127.0.0.1:56164
Begin MonoManager ReloadAssembly
Registering precompiled unity dll's ...
Register platform support module: C:/Program Files/Unity/Hub/Editor/2021.3.24f1/Editor/Data/PlaybackEngines/AndroidPlayer/UnityEditor.Android.Extensions.dll
Register platform support module: C:/Program Files/Unity/Hub/Editor/2021.3.24f1/Editor/Data/PlaybackEngines/WindowsStandaloneSupport/UnityEditor.WindowsStandalone.Extensions.dll
Registered in 0.009153 seconds.
Native extension for WindowsStandalone target not found
Native extension for Android target not found
Android Extension - Scanning For ADB Devices 241 ms
Refreshing native plugins compatible for Editor in 80.78 ms, found 3 plugins.
Preloading 0 native plugins for Editor in 0.00 ms.
Mono: successfully reloaded assembly
- Completed reload, in  0.942 seconds
Domain Reload Profiling:
	ReloadAssembly (943ms)
		BeginReloadAssembly (72ms)
			ExecutionOrderSort (0ms)
			DisableScriptedObjects (0ms)
			BackupInstance (0ms)
			ReleaseScriptingObjects (0ms)
			CreateAndSetChildDomain (0ms)
		EndReloadAssembly (755ms)
			LoadAssemblies (71ms)
			RebuildTransferFunctionScriptingTraits (0ms)
			SetupTypeCache (116ms)
			ReleaseScriptCaches (0ms)
			RebuildScriptCaches (31ms)
			SetupLoadedEditorAssemblies (550ms)
				LogAssemblyErrors (0ms)
				InitializePlatformSupportModulesInManaged (316ms)
				SetLoadedEditorAssemblies (0ms)
				RefreshPlugins (81ms)
				BeforeProcessingInitializeOnLoad (1ms)
				ProcessInitializeOnLoadAttributes (102ms)
				ProcessInitializeOnLoadMethodAttributes (49ms)
				AfterProcessingInitializeOnLoad (0ms)
				EditorAssembliesLoaded (0ms)
			ExecutionOrderSort2 (0ms)
			AwakeInstancesAfterBackupRestoration (0ms)
Platform modules already initialized, skipping
Registering precompiled user dll's ...
Registered in 0.005230 seconds.
Begin MonoManager ReloadAssembly
Symbol file LoadedFromMemory doesn't match image F:\Fork\GMDEVAI\SY22T3_GMDEVAI_Alcantara\GMDEVAI_Miletsone4_Alcantara\Library\PackageCache\com.unity.visualscripting@1.8.0\Editor\VisualScripting.Core\Dependencies\YamlDotNet\Unity.VisualScripting.YamlDotNet.dll
Symbol file LoadedFromMemory doesn't match image F:\Fork\GMDEVAI\SY22T3_GMDEVAI_Alcantara\GMDEVAI_Miletsone4_Alcantara\Library\PackageCache\com.unity.visualscripting@1.8.0\Editor\VisualScripting.Core\Dependencies\DotNetZip\Unity.VisualScripting.IonicZip.dll
Native extension for WindowsStandalone target not found
Native extension for Android target not found
Refreshing native plugins compatible for Editor in 0.52 ms, found 3 plugins.
Preloading 0 native plugins for Editor in 0.00 ms.
Mono: successfully reloaded assembly
- Completed reload, in  1.074 seconds
Domain Reload Profiling:
	ReloadAssembly (1075ms)
		BeginReloadAssembly (105ms)
			ExecutionOrderSort (0ms)
			DisableScriptedObjects (7ms)
			BackupInstance (0ms)
			ReleaseScriptingObjects (0ms)
			CreateAndSetChildDomain (19ms)
		EndReloadAssembly (846ms)
			LoadAssemblies (77ms)
			RebuildTransferFunctionScriptingTraits (0ms)
			SetupTypeCache (281ms)
			ReleaseScriptCaches (0ms)
			RebuildScriptCaches (53ms)
			SetupLoadedEditorAssemblies (377ms)
				LogAssemblyErrors (0ms)
				InitializePlatformSupportModulesInManaged (21ms)
				SetLoadedEditorAssemblies (0ms)
				RefreshPlugins (1ms)
				BeforeProcessingInitializeOnLoad (86ms)
				ProcessInitializeOnLoadAttributes (238ms)
				ProcessInitializeOnLoadMethodAttributes (22ms)
				AfterProcessingInitializeOnLoad (9ms)
				EditorAssembliesLoaded (0ms)
			ExecutionOrderSort2 (0ms)
			AwakeInstancesAfterBackupRestoration (7ms)
Platform modules already initialized, skipping
========================================================================
Worker process is ready to serve import requests
Launched and connected shader compiler UnityShaderCompiler.exe after 0.03 seconds
Refreshing native plugins compatible for Editor in 0.32 ms, found 3 plugins.
Preloading 0 native plugins for Editor in 0.00 ms.
Unloading 3062 Unused Serialized files (Serialized files now loaded: 0)
Unloading 31 unused Assets / (314.5 KB). Loaded Objects now: 3517.
Memory consumption went from 110.1 MB to 109.8 MB.
Total: 2.156800 ms (FindLiveObjects: 0.179600 ms CreateObjectMapping: 0.073000 ms MarkObjects: 1.762100 ms  DeleteObjects: 0.141500 ms)

AssetImportParameters requested are different than current active one (requested -> active):
  custom:video-decoder-ogg-theora: a1e56fd34408186e4bbccfd4996cb3dc -> 
  custom:container-muxer-webm: aa71ff27fc2769a1b78a27578f13a17b -> 
  custom:container-demuxer-webm: 4f35f7cbe854078d1ac9338744f61a02 -> 
  custom:video-encoder-webm-vp8: eb34c28f22e8b96e1ab97ce403110664 -> 
  custom:audio-encoder-webm-vorbis: bf7c407c2cedff20999df2af8eb42d56 -> 
  custom:framework-win-MediaFoundation: 216162199b28c13a410421893ffa2e32 -> 
  custom:container-demuxer-ogg: 62fdf1f143b41e24485cea50d1cbac27 -> 
  custom:video-decoder-webm-vp8: 9c59270c3fd7afecdb556c50c9e8de78 -> 
  custom:audio-decoder-ogg-vorbis: bf7c407c2cedff20999df2af8eb42d56 -> 
========================================================================
Received Import Request.
  Time since last request: 6349.582629 seconds.
  path: Assets/Environment(static).prefab
  artifactKey: Guid(3408a284b02ef4bd3803e49ffed562cd) Importer(815301076,1909f56bfc062723c751e8b465ee728b)
Start importing Assets/Environment(static).prefab using Guid(3408a284b02ef4bd3803e49ffed562cd) Importer(815301076,1909f56bfc062723c751e8b465ee728b)  -> (artifact id: 'f06b858002849c425070b5ababfb6300') in 0.844530 seconds 
========================================================================
Received Prepare
Registering precompiled user dll's ...
Registered in 0.005109 seconds.
Begin MonoManager ReloadAssembly
Symbol file LoadedFromMemory doesn't match image F:\Fork\GMDEVAI\SY22T3_GMDEVAI_Alcantara\GMDEVAI_Miletsone4_Alcantara\Library\PackageCache\com.unity.visualscripting@1.8.0\Editor\VisualScripting.Core\Dependencies\YamlDotNet\Unity.VisualScripting.YamlDotNet.dll
Symbol file LoadedFromMemory doesn't match image F:\Fork\GMDEVAI\SY22T3_GMDEVAI_Alcantara\GMDEVAI_Miletsone4_Alcantara\Library\PackageCache\com.unity.visualscripting@1.8.0\Editor\VisualScripting.Core\Dependencies\DotNetZip\Unity.VisualScripting.IonicZip.dll
Native extension for WindowsStandalone target not found
Native extension for Android target not found
Refreshing native plugins compatible for Editor in 0.54 ms, found 3 plugins.
Preloading 0 native plugins for Editor in 0.00 ms.
Mono: successfully reloaded assembly
- Completed reload, in  1.202 seconds
Domain Reload Profiling:
	ReloadAssembly (1203ms)
		BeginReloadAssembly (177ms)
			ExecutionOrderSort (0ms)
			DisableScriptedObjects (5ms)
			BackupInstance (0ms)
			ReleaseScriptingObjects (0ms)
			CreateAndSetChildDomain (40ms)
		EndReloadAssembly (902ms)
			LoadAssemblies (130ms)
			RebuildTransferFunctionScriptingTraits (0ms)
			SetupTypeCache (314ms)
			ReleaseScriptCaches (1ms)
			RebuildScriptCaches (50ms)
			SetupLoadedEditorAssemblies (373ms)
				LogAssemblyErrors (0ms)
				InitializePlatformSupportModulesInManaged (25ms)
				SetLoadedEditorAssemblies (0ms)
				RefreshPlugins (1ms)
				BeforeProcessingInitializeOnLoad (76ms)
				ProcessInitializeOnLoadAttributes (235ms)
				ProcessInitializeOnLoadMethodAttributes (24ms)
				AfterProcessingInitializeOnLoad (11ms)
				EditorAssembliesLoaded (0ms)
			ExecutionOrderSort2 (0ms)
			AwakeInstancesAfterBackupRestoration (8ms)
Platform modules already initialized, skipping
Refreshing native plugins compatible for Editor in 1.93 ms, found 3 plugins.
Preloading 0 native plugins for Editor in 0.00 ms.
Unloading 3049 Unused Serialized files (Serialized files now loaded: 0)
Unloading 26 unused Assets / (281.5 KB). Loaded Objects now: 3533.
Memory consumption went from 118.1 MB to 117.9 MB.
Total: 3.736100 ms (FindLiveObjects: 0.467100 ms CreateObjectMapping: 0.107500 ms MarkObjects: 2.881000 ms  DeleteObjects: 0.279200 ms)

AssetImportParameters requested are different than current active one (requested -> active):
  custom:video-decoder-ogg-theora: a1e56fd34408186e4bbccfd4996cb3dc -> 
  custom:container-muxer-webm: aa71ff27fc2769a1b78a27578f13a17b -> 
  custom:container-demuxer-webm: 4f35f7cbe854078d1ac9338744f61a02 -> 
  custom:video-encoder-webm-vp8: eb34c28f22e8b96e1ab97ce403110664 -> 
  custom:audio-encoder-webm-vorbis: bf7c407c2cedff20999df2af8eb42d56 -> 
  custom:framework-win-MediaFoundation: 216162199b28c13a410421893ffa2e32 -> 
  custom:container-demuxer-ogg: 62fdf1f143b41e24485cea50d1cbac27 -> 
  custom:video-decoder-webm-vp8: 9c59270c3fd7afecdb556c50c9e8de78 -> 
  custom:audio-decoder-ogg-vorbis: bf7c407c2cedff20999df2af8eb42d56 -> 
========================================================================
Received Import Request.
  Time since last request: 481.058282 seconds.
  path: ProjectSettings/TagManager.asset
  artifactKey: Guid(00000000000000003000000000000000) Importer(815301076,1909f56bfc062723c751e8b465ee728b)
Start importing ProjectSettings/TagManager.asset using Guid(00000000000000003000000000000000) Importer(815301076,1909f56bfc062723c751e8b465ee728b)  -> (artifact id: '5f74b9f0782f3ffe8a654b2b60a9f33c') in 0.027600 seconds 
========================================================================
Received Import Request.
  Time since last request: 18.809109 seconds.
  path: Assets
  artifactKey: Guid(00000000000000001000000000000000) Importer(815301076,1909f56bfc062723c751e8b465ee728b)
Start importing Assets using Guid(00000000000000001000000000000000) Importer(815301076,1909f56bfc062723c751e8b465ee728b)  -> (artifact id: '79842766b460edbeab6a34051e857a80') in 0.013280 seconds 
========================================================================
Received Import Request.
  Time since last request: 4.454982 seconds.
  path: Assets/Materials 1
  artifactKey: Guid(927bcc2b9e17d084c83cd45d42734734) Importer(815301076,1909f56bfc062723c751e8b465ee728b)
Start importing Assets/Materials 1 using Guid(927bcc2b9e17d084c83cd45d42734734) Importer(815301076,1909f56bfc062723c751e8b465ee728b)  -> (artifact id: '8c119e1af64ff2613ba6f5ee937f38d5') in 0.012754 seconds 
========================================================================
Received Import Request.
  Time since last request: 1.945403 seconds.
  path: Assets/Materials
  artifactKey: Guid(c6e43799cb2f348548b755787bf636d4) Importer(815301076,1909f56bfc062723c751e8b465ee728b)
Start importing Assets/Materials using Guid(c6e43799cb2f348548b755787bf636d4) Importer(815301076,1909f56bfc062723c751e8b465ee728b)  -> (artifact id: 'a6a9402e5ca97d262e3250e34d5dda0d') in 0.012928 seconds 
========================================================================
Received Import Request.
  Time since last request: 0.036176 seconds.
  path: Assets/Materials/AdditiveSheet.mat
  artifactKey: Guid(78ae4d6b7f6ab4577957a6588bebca70) Importer(815301076,1909f56bfc062723c751e8b465ee728b)
Start importing Assets/Materials/AdditiveSheet.mat using Guid(78ae4d6b7f6ab4577957a6588bebca70) Importer(815301076,1909f56bfc062723c751e8b465ee728b)  -> (artifact id: 'bd4ff8e11cacccc6f5d2f6f85935348e') in 0.071024 seconds 
========================================================================
Received Import Request.
  Time since last request: 0.000032 seconds.
  path: Assets/Materials/environment_floorTiles_A_Wet.mat
  artifactKey: Guid(d70107d05252a4002a5f45f2088067fb) Importer(815301076,1909f56bfc062723c751e8b465ee728b)
Start importing Assets/Materials/environment_floorTiles_A_Wet.mat using Guid(d70107d05252a4002a5f45f2088067fb) Importer(815301076,1909f56bfc062723c751e8b465ee728b)  -> (artifact id: '1e9a4a7d33f89808c912945b70cb455a') in 0.037169 seconds 
========================================================================
Received Import Request.
  Time since last request: 0.000023 seconds.
  path: Assets/Materials/terminals.mat
  artifactKey: Guid(64099dd0b91c3450191d412a45b5881a) Importer(815301076,1909f56bfc062723c751e8b465ee728b)
Start importing Assets/Materials/terminals.mat using Guid(64099dd0b91c3450191d412a45b5881a) Importer(815301076,1909f56bfc062723c751e8b465ee728b)  -> (artifact id: 'f002f0f28b6cb0645ae8f78c80117eaf') in 0.020391 seconds 
========================================================================
Received Import Request.
  Time since last request: 0.000030 seconds.
  path: Assets/Materials/lightCardOrange_B.mat
  artifactKey: Guid(76aa115027e734dcba8a3ca1129a9f1f) Importer(815301076,1909f56bfc062723c751e8b465ee728b)
Start importing Assets/Materials/lightCardOrange_B.mat using Guid(76aa115027e734dcba8a3ca1129a9f1f) Importer(815301076,1909f56bfc062723c751e8b465ee728b)  -> (artifact id: 'ab6a2457ea68dd1a88c4ec25d3b9cf8e') in 0.107636 seconds 
========================================================================
Received Import Request.
  Time since last request: 0.000016 seconds.
  path: Assets/Materials/doors_interior.mat
  artifactKey: Guid(d4fe8af23aa6f4eb59098d14917db8e5) Importer(815301076,1909f56bfc062723c751e8b465ee728b)
Start importing Assets/Materials/doors_interior.mat using Guid(d4fe8af23aa6f4eb59098d14917db8e5) Importer(815301076,1909f56bfc062723c751e8b465ee728b)  -> (artifact id: '8ca44a682d11b144df37808aa1b61e00') in 0.015579 seconds 
========================================================================
Received Import Request.
  Time since last request: 0.000024 seconds.
  path: Assets/Materials/HologramTest 1.mat
  artifactKey: Guid(a386f08091f474d069d53e2e6b386fa9) Importer(815301076,1909f56bfc062723c751e8b465ee728b)
Start importing Assets/Materials/HologramTest 1.mat using Guid(a386f08091f474d069d53e2e6b386fa9) Importer(815301076,1909f56bfc062723c751e8b465ee728b)  -> (artifact id: 'f778add54b5550d4f9f035a447257814') in 0.012983 seconds 
========================================================================
Received Import Request.
  Time since last request: 0.000014 seconds.
  path: Assets/Materials/ScaffoldingLights.mat
  artifactKey: Guid(7e60986caee51495595ed2a001ad9b5f) Importer(815301076,1909f56bfc062723c751e8b465ee728b)
Start importing Assets/Materials/ScaffoldingLights.mat using Guid(7e60986caee51495595ed2a001ad9b5f) Importer(815301076,1909f56bfc062723c751e8b465ee728b)  -> (artifact id: '8eabe5753e8ad6f3a3cb9a654aa9f0e0') in 0.013656 seconds 
========================================================================
Received Import Request.
  Time since last request: 0.000024 seconds.
  path: Assets/Materials/WallPanel_E.mat
  artifactKey: Guid(0e73566fbe8854f829b13dbd5c4af2a4) Importer(815301076,1909f56bfc062723c751e8b465ee728b)
Start importing Assets/Materials/WallPanel_E.mat using Guid(0e73566fbe8854f829b13dbd5c4af2a4) Importer(815301076,1909f56bfc062723c751e8b465ee728b)  -> (artifact id: '67042fe96fcd9db68baf0149c6e491a6') in 0.017819 seconds 
========================================================================
Received Import Request.
  Time since last request: 0.000025 seconds.
  path: Assets/Materials/projectionShard.mat
  artifactKey: Guid(c3371d20b847a48b284ffac15e7f36d4) Importer(815301076,1909f56bfc062723c751e8b465ee728b)
Start importing Assets/Materials/projectionShard.mat using Guid(c3371d20b847a48b284ffac15e7f36d4) Importer(815301076,1909f56bfc062723c751e8b465ee728b)  -> (artifact id: '8fe5d751c6b0beb314a93276a5f45609') in 0.017364 seconds 
========================================================================
Received Import Request.
  Time since last request: 0.000021 seconds.
  path: Assets/Materials/WallPanel_D.mat
  artifactKey: Guid(bd9a110fe87a64fd892dab94b86a8d3b) Importer(815301076,1909f56bfc062723c751e8b465ee728b)
Start importing Assets/Materials/WallPanel_D.mat using Guid(bd9a110fe87a64fd892dab94b86a8d3b) Importer(815301076,1909f56bfc062723c751e8b465ee728b)  -> (artifact id: '8ff91c7312da97f23d634eb25860f455') in 0.016876 seconds 
========================================================================
Received Import Request.
  Time since last request: 0.000018 seconds.
  path: Assets/Materials/props.mat
  artifactKey: Guid(734afe87945264682a916e0dbc69789d) Importer(815301076,1909f56bfc062723c751e8b465ee728b)
Start importing Assets/Materials/props.mat using Guid(734afe87945264682a916e0dbc69789d) Importer(815301076,1909f56bfc062723c751e8b465ee728b)  -> (artifact id: '5728f50abd49fc8ac72dbbd594ad2e00') in 0.019444 seconds 
========================================================================
Received Import Request.
  Time since last request: 0.000033 seconds.
  path: Assets/Materials/DoorsInterior.mat
  artifactKey: Guid(96a3fd1e71dc04589a08e00f8a02dfd6) Importer(815301076,1909f56bfc062723c751e8b465ee728b)
Start importing Assets/Materials/DoorsInterior.mat using Guid(96a3fd1e71dc04589a08e00f8a02dfd6) Importer(815301076,1909f56bfc062723c751e8b465ee728b)  -> (artifact id: '8f01dec68932ae7a61fe172bc810eecc') in 0.090390 seconds 
========================================================================
Received Import Request.
  Time since last request: 0.000019 seconds.
  path: Assets/Materials/furniture.mat
  artifactKey: Guid(98afcb0760ba7499ebe683835b74b516) Importer(815301076,1909f56bfc062723c751e8b465ee728b)
Start importing Assets/Materials/furniture.mat using Guid(98afcb0760ba7499ebe683835b74b516) Importer(815301076,1909f56bfc062723c751e8b465ee728b)  -> (artifact id: '23e7cefe45585d8c56433865f35a3f83') in 0.016855 seconds 
========================================================================
Received Import Request.
  Time since last request: 0.000036 seconds.
  path: Assets/Materials/mobileCutout.mat
  artifactKey: Guid(0227deccd93264a66b86631fbf5e5ceb) Importer(815301076,1909f56bfc062723c751e8b465ee728b)
Start importing Assets/Materials/mobileCutout.mat using Guid(0227deccd93264a66b86631fbf5e5ceb) Importer(815301076,1909f56bfc062723c751e8b465ee728b)  -> (artifact id: '407968b1cd6893dee11e3d0418e5fb0b') in 0.018758 seconds 
========================================================================
Received Import Request.
  Time since last request: 0.000028 seconds.
  path: Assets/Materials/Decals.mat
  artifactKey: Guid(ef2144cd343ab44efa6724dec2d291ab) Importer(815301076,1909f56bfc062723c751e8b465ee728b)
Start importing Assets/Materials/Decals.mat using Guid(ef2144cd343ab44efa6724dec2d291ab) Importer(815301076,1909f56bfc062723c751e8b465ee728b)  -> (artifact id: '33f39a4724763e9459580bb3d5d6e249') in 0.019190 seconds 
========================================================================
Received Import Request.
  Time since last request: 0.000031 seconds.
  path: Assets/Materials/wallPanel_A.mat
  artifactKey: Guid(170828cdec1484ebd80a6287ce650603) Importer(815301076,1909f56bfc062723c751e8b465ee728b)
Start importing Assets/Materials/wallPanel_A.mat using Guid(170828cdec1484ebd80a6287ce650603) Importer(815301076,1909f56bfc062723c751e8b465ee728b)  -> (artifact id: 'ea62526bf0ffbc86ced92571a71ee02e') in 0.018270 seconds 
========================================================================
Received Import Request.
  Time since last request: 0.000023 seconds.
  path: Assets/Materials/HologramTest 2.mat
  artifactKey: Guid(9b52bb7dbed534c098f472b6bf6c3c12) Importer(815301076,1909f56bfc062723c751e8b465ee728b)
Start importing Assets/Materials/HologramTest 2.mat using Guid(9b52bb7dbed534c098f472b6bf6c3c12) Importer(815301076,1909f56bfc062723c751e8b465ee728b)  -> (artifact id: 'bc5ed750efbb11f7ad8b1fb0dc18a958') in 0.016244 seconds 
========================================================================
Received Import Request.
  Time since last request: 0.000022 seconds.
  path: Assets/Materials/WallPanel_B.mat
  artifactKey: Guid(5f7eaec32285d4a5096194208fada2f8) Importer(815301076,1909f56bfc062723c751e8b465ee728b)
Start importing Assets/Materials/WallPanel_B.mat using Guid(5f7eaec32285d4a5096194208fada2f8) Importer(815301076,1909f56bfc062723c751e8b465ee728b)  -> (artifact id: '7b5e2203c60f701cc75ea038860fa09e') in 0.019851 seconds 
========================================================================
Received Import Request.
  Time since last request: 0.000022 seconds.
  path: Assets/Materials/Reflection.mat
  artifactKey: Guid(22b43c3aa0097483d92b4cca9adbb7f3) Importer(815301076,1909f56bfc062723c751e8b465ee728b)
Start importing Assets/Materials/Reflection.mat using Guid(22b43c3aa0097483d92b4cca9adbb7f3) Importer(815301076,1909f56bfc062723c751e8b465ee728b)  -> (artifact id: '2b1cf953d46c9a0a3b6a1a30446aed69') in 0.021677 seconds 
========================================================================
Received Import Request.
  Time since last request: 0.000049 seconds.
  path: Assets/Materials/WallsIlluminated.mat
  artifactKey: Guid(c880f00f6a15844eba0123af1696de59) Importer(815301076,1909f56bfc062723c751e8b465ee728b)
Start importing Assets/Materials/WallsIlluminated.mat using Guid(c880f00f6a15844eba0123af1696de59) Importer(815301076,1909f56bfc062723c751e8b465ee728b)  -> (artifact id: 'c465e7f493038d224a254c5de3241ab9') in 0.019743 seconds 
========================================================================
Received Import Request.
  Time since last request: 0.000026 seconds.
  path: Assets/Materials/HologramTest 3.mat
  artifactKey: Guid(2eda651d7578c442297040f7f6aa92a8) Importer(815301076,1909f56bfc062723c751e8b465ee728b)
Start importing Assets/Materials/HologramTest 3.mat using Guid(2eda651d7578c442297040f7f6aa92a8) Importer(815301076,1909f56bfc062723c751e8b465ee728b)  -> (artifact id: 'd3c1a845ebf636792a9d139d4e6f7167') in 0.017279 seconds 
========================================================================
Received Import Request.
  Time since last request: 0.000026 seconds.
  path: Assets/Materials/generator_A_Diffuse.mat
  artifactKey: Guid(d648edfc5cb654fc39a496f6f2ffa230) Importer(815301076,1909f56bfc062723c751e8b465ee728b)
Start importing Assets/Materials/generator_A_Diffuse.mat using Guid(d648edfc5cb654fc39a496f6f2ffa230) Importer(815301076,1909f56bfc062723c751e8b465ee728b)  -> (artifact id: '6d7654eb24cc5f04c56865ea56ff74eb') in 0.019063 seconds 
========================================================================
Received Prepare
Registering precompiled user dll's ...
Registered in 0.010896 seconds.
Begin MonoManager ReloadAssembly
Symbol file LoadedFromMemory doesn't match image F:\Fork\GMDEVAI\SY22T3_GMDEVAI_Alcantara\GMDEVAI_Miletsone4_Alcantara\Library\PackageCache\com.unity.visualscripting@1.8.0\Editor\VisualScripting.Core\Dependencies\YamlDotNet\Unity.VisualScripting.YamlDotNet.dll
Symbol file LoadedFromMemory doesn't match image F:\Fork\GMDEVAI\SY22T3_GMDEVAI_Alcantara\GMDEVAI_Miletsone4_Alcantara\Library\PackageCache\com.unity.visualscripting@1.8.0\Editor\VisualScripting.Core\Dependencies\DotNetZip\Unity.VisualScripting.IonicZip.dll
Native extension for WindowsStandalone target not found
Native extension for Android target not found
Refreshing native plugins compatible for Editor in 0.52 ms, found 3 plugins.
Preloading 0 native plugins for Editor in 0.00 ms.
Mono: successfully reloaded assembly
- Completed reload, in  1.135 seconds
Domain Reload Profiling:
	ReloadAssembly (1136ms)
		BeginReloadAssembly (185ms)
			ExecutionOrderSort (0ms)
			DisableScriptedObjects (6ms)
			BackupInstance (0ms)
			ReleaseScriptingObjects (0ms)
			CreateAndSetChildDomain (48ms)
		EndReloadAssembly (830ms)
			LoadAssemblies (121ms)
			RebuildTransferFunctionScriptingTraits (0ms)
			SetupTypeCache (280ms)
			ReleaseScriptCaches (1ms)
			RebuildScriptCaches (50ms)
			SetupLoadedEditorAssemblies (351ms)
				LogAssemblyErrors (0ms)
				InitializePlatformSupportModulesInManaged (25ms)
				SetLoadedEditorAssemblies (0ms)
				RefreshPlugins (1ms)
				BeforeProcessingInitializeOnLoad (72ms)
				ProcessInitializeOnLoadAttributes (218ms)
				ProcessInitializeOnLoadMethodAttributes (23ms)
				AfterProcessingInitializeOnLoad (12ms)
				EditorAssembliesLoaded (0ms)
			ExecutionOrderSort2 (0ms)
			AwakeInstancesAfterBackupRestoration (8ms)
Platform modules already initialized, skipping
Refreshing native plugins compatible for Editor in 1.89 ms, found 3 plugins.
Preloading 0 native plugins for Editor in 0.00 ms.
Unloading 3050 Unused Serialized files (Serialized files now loaded: 0)
Unloading 25 unused Assets / (280.7 KB). Loaded Objects now: 3570.
Memory consumption went from 118.4 MB to 118.1 MB.
Total: 3.356500 ms (FindLiveObjects: 0.364100 ms CreateObjectMapping: 0.109600 ms MarkObjects: 2.606800 ms  DeleteObjects: 0.274700 ms)

AssetImportParameters requested are different than current active one (requested -> active):
  custom:video-decoder-ogg-theora: a1e56fd34408186e4bbccfd4996cb3dc -> 
  custom:container-muxer-webm: aa71ff27fc2769a1b78a27578f13a17b -> 
  custom:container-demuxer-webm: 4f35f7cbe854078d1ac9338744f61a02 -> 
  custom:video-encoder-webm-vp8: eb34c28f22e8b96e1ab97ce403110664 -> 
  custom:audio-encoder-webm-vorbis: bf7c407c2cedff20999df2af8eb42d56 -> 
  custom:framework-win-MediaFoundation: 216162199b28c13a410421893ffa2e32 -> 
  custom:container-demuxer-ogg: 62fdf1f143b41e24485cea50d1cbac27 -> 
  custom:video-decoder-webm-vp8: 9c59270c3fd7afecdb556c50c9e8de78 -> 
  custom:audio-decoder-ogg-vorbis: bf7c407c2cedff20999df2af8eb42d56 -> 
Editor requested this worker to shutdown with reason: Scaling down because of idle timeout
AssetImportWorker is now disconnected from the server
Process exiting
Exiting without the bug reporter. Application will terminate with return code 0